<?xml version="1.0" encoding="UTF-8"?>
<!-- Generated by org.testng.reporters.JUnitXMLReporter -->
<testsuite ignored="0" hostname="iTechindNB043" failures="1" tests="1" name="Test-Parameter" time="0.055" errors="0" timestamp="2023-09-21T12:14:47 IST">
  <testcase classname="perameterTesting.ParameterProgram" name="loginCrendential" time="0.0">
    <failure type="org.testng.TestNGException" message="
Parameter &amp;apos;eName&amp;apos; is required by @Test on method loginCrendential but has not been marked @Optional or defined
in C:\Users\103370\eclipse-workspace\TestNGTutorial\testng-parameter.xml">
      <![CDATA[org.testng.TestNGException: 
Parameter 'eName' is required by @Test on method loginCrendential but has not been marked @Optional or defined
in C:\Users\103370\eclipse-workspace\TestNGTutorial\testng-parameter.xml
at java.base/java.util.ArrayList.forEach(ArrayList.java:1511)
... Removed 26 stack frames]]>
    </failure>
  </testcase> <!-- loginCrendential -->
</testsuite> <!-- Test-Parameter -->
