<?xml version="1.0" encoding="UTF-8"?>
<!-- Generated by org.testng.reporters.JUnitReportReporter -->
<testsuite hostname="iTechindNB043" failures="0" tests="3" name="testing.practice.NewTest2" time="0.009" errors="0" timestamp="2023-09-28T16:26:38 IST" skipped="0">
  <testcase classname="testing.practice.NewTest2" name="TC_001" time="0.004"/>
  <testcase classname="testing.practice.NewTest2" name="TC_002" time="0.004"/>
  <testcase classname="testing.practice.NewTest2" name="TC_003" time="0.001"/>
</testsuite> <!-- testing.practice.NewTest2 -->
