<?xml version="1.0" encoding="UTF-8"?>
<!-- Generated by org.testng.reporters.JUnitReportReporter -->
<testsuite hostname="iTechindNB043" failures="0" tests="3" name="testing.practice.FirstProgram" time="0.011" errors="0" timestamp="2023-09-29T15:53:24 IST" skipped="0">
  <testcase classname="testing.practice.FirstProgram" name="test2" time="0.001"/>
  <testcase classname="testing.practice.FirstProgram" name="test3" time="0.002"/>
  <testcase classname="testing.practice.FirstProgram" name="test1" time="0.008"/>
</testsuite> <!-- testing.practice.FirstProgram -->
