<?xml version="1.0" encoding="UTF-8"?>
<!-- Generated by org.testng.reporters.JUnitReportReporter -->
<testsuite hostname="iTechindNB043" failures="0" tests="1" name="testing.practice.NewTest" time="0.007" errors="0" timestamp="2023-11-09T17:58:06 IST" skipped="0">
  <testcase classname="testing.practice.NewTest" name="TC_001" time="0.007"/>
</testsuite> <!-- testing.practice.NewTest -->
