<?xml version="1.0" encoding="UTF-8"?>
<!-- Generated by org.testng.reporters.JUnitReportReporter -->
<testsuite hostname="iTechindNB043" failures="0" tests="4" name="testing.practice.ThirdProgram" time="0.011" errors="0" timestamp="2023-09-28T16:26:38 IST" skipped="1">
  <testcase classname="testing.practice.ThirdProgram" name="fileTransfer" time="0.002"/>
  <testcase classname="testing.practice.ThirdProgram" name="test2" time="0.007"/>
  <testcase classname="testing.practice.ThirdProgram" name="test3" time="0.002"/>
  <testcase classname="testing.practice.ThirdProgram" name="openBrowsar">
    <skipped/>
  </testcase> <!-- openBrowsar -->
</testsuite> <!-- testing.practice.ThirdProgram -->
