<?xml version="1.0" encoding="UTF-8"?>
<!-- Generated by org.testng.reporters.JUnitReportReporter -->
<testsuite hostname="iTechindNB043" failures="0" tests="2" name="testing.practice.TestingProgram7" time="20.377" errors="0" timestamp="2023-10-27T10:24:30 IST" skipped="0">
  <testcase classname="testing.practice.TestingProgram7" name="facebookPage" time="12.559"/>
  <testcase classname="testing.practice.TestingProgram7" name="googlePage" time="7.818"/>
</testsuite> <!-- testing.practice.TestingProgram7 -->
