<?xml version="1.0" encoding="UTF-8"?>
<!-- Generated by org.testng.reporters.JUnitReportReporter -->
<testsuite hostname="iTechindNB043" failures="0" tests="3" name="testing.practice.SupportClass" time="36.336" errors="0" timestamp="2023-11-23T12:49:30 IST" skipped="0">
  <testcase classname="testing.practice.SupportClass" name="Test_TC_002" time="20.912"/>
  <testcase classname="testing.practice.SupportClass" name="Test_TC_003" time="8.126"/>
  <testcase classname="testing.practice.SupportClass" name="Test_TC_001" time="7.298"/>
</testsuite> <!-- testing.practice.SupportClass -->
