<?xml version="1.0" encoding="UTF-8"?>
<!-- Generated by org.testng.reporters.JUnitReportReporter -->
<testsuite hostname="iTechindNB043" failures="0" tests="1" name="perameterTesting.NewTest" time="0.009" errors="0" timestamp="2023-11-10T11:11:54 IST" skipped="0">
  <testcase classname="perameterTesting.NewTest" name="loginCrendential" time="0.009"/>
</testsuite> <!-- perameterTesting.NewTest -->
