<?xml version="1.0" encoding="UTF-8"?>
<!-- Generated by org.testng.reporters.JUnitReportReporter -->
<testsuite hostname="iTechindNB043" failures="0" tests="2" name="testing.practice.FourthProgram" time="0.003" errors="0" timestamp="2023-09-28T16:26:38 IST" skipped="0">
  <testcase classname="testing.practice.FourthProgram" name="loadingUrl" time="0.001"/>
  <testcase classname="testing.practice.FourthProgram" name="bowserLounch" time="0.002"/>
</testsuite> <!-- testing.practice.FourthProgram -->
