<?xml version="1.0" encoding="UTF-8"?>
<!-- Generated by org.testng.reporters.JUnitReportReporter -->
<testsuite hostname="iTechindNB043" failures="0" tests="1" name="testing.practice.NewTest3" time="0.017" errors="0" timestamp="2023-09-28T16:52:38 IST" skipped="0">
  <testcase classname="testing.practice.NewTest3" name="tc_002" time="0.017"/>
</testsuite> <!-- testing.practice.NewTest3 -->
