<?xml version="1.0" encoding="UTF-8"?>
<!-- Generated by org.testng.reporters.JUnitReportReporter -->
<testsuite hostname="iTechindNB043" failures="0" tests="1" name="testing.practice.ParallalTestng" time="9.828" errors="0" timestamp="2023-11-24T18:30:05 IST" skipped="0">
  <testcase classname="testing.practice.ParallalTestng" name="googlePage" time="9.828"/>
</testsuite> <!-- testing.practice.ParallalTestng -->
