<?xml version="1.0" encoding="UTF-8"?>
<!-- Generated by org.testng.reporters.JUnitReportReporter -->
<testsuite hostname="iTechindNB043" failures="0" tests="7" name="testing.practice.SecondProgrm" time="0.010" errors="0" timestamp="2023-09-28T16:26:38 IST" skipped="1">
  <testcase classname="testing.practice.SecondProgrm" name="browserlaunch" time="0.002"/>
  <testcase classname="testing.practice.SecondProgrm" name="loadingURL" time="0.001"/>
  <testcase classname="testing.practice.SecondProgrm" name="maximizeWindow" time="0.002"/>
  <testcase classname="testing.practice.SecondProgrm" name="verifyingApliction" time="0.002"/>
  <testcase classname="testing.practice.SecondProgrm" name="fileTransfer" time="0.001"/>
  <testcase classname="testing.practice.SecondProgrm" name="shutDown" time="0.002"/>
  <testcase classname="testing.practice.SecondProgrm" name="takeScreendhot">
    <skipped/>
  </testcase> <!-- takeScreendhot -->
</testsuite> <!-- testing.practice.SecondProgrm -->
