<?xml version="1.0" encoding="UTF-8"?>
<!-- Generated by org.testng.reporters.JUnitReportReporter -->
<testsuite hostname="iTechindNB043" failures="0" tests="1" name="com.server.testing.ParameterPassig" time="0.013" errors="0" timestamp="2023-09-01T10:40:57 IST" skipped="0">
  <testcase classname="com.server.testing.ParameterPassig" name="loginCredential" time="0.013"/>
</testsuite> <!-- com.server.testing.ParameterPassig -->
