<?xml version="1.0" encoding="UTF-8"?>
<!-- Generated by org.testng.reporters.JUnitReportReporter -->
<testsuite hostname="iTechindNB043" failures="0" tests="3" name="testing.practice.SupportClass1" time="29.150" errors="0" timestamp="2023-11-14T15:40:08 IST" skipped="0">
  <testcase classname="testing.practice.SupportClass1" name="Test__tc__003" time="4.792"/>
  <testcase classname="testing.practice.SupportClass1" name="Test__tc__001" time="18.597"/>
  <testcase classname="testing.practice.SupportClass1" name="Test__tc__002" time="5.761"/>
</testsuite> <!-- testing.practice.SupportClass1 -->
